Tue Aug 21 2018 21:27:59 GMT-0300 (-03): GET /about
Tue Aug 21 2018 21:27:59 GMT-0300 (-03): GET /main.css
Tue Aug 21 2018 21:27:59 GMT-0300 (-03): GET /main.js
Tue Aug 21 2018 21:37:04 GMT-0300 (-03): GET /
Tue Aug 21 2018 21:37:04 GMT-0300 (-03): GET /main.css
Tue Aug 21 2018 21:37:04 GMT-0300 (-03): GET /main.js
Tue Aug 21 2018 21:40:15 GMT-0300 (-03): GET /
Tue Aug 21 2018 21:40:15 GMT-0300 (-03): GET /main.css
Tue Aug 21 2018 21:40:15 GMT-0300 (-03): GET /main.js
Tue Aug 21 2018 21:40:20 GMT-0300 (-03): GET /about
Tue Aug 21 2018 21:40:20 GMT-0300 (-03): GET /main.css
Tue Aug 21 2018 21:40:20 GMT-0300 (-03): GET /main.js
Tue Aug 21 2018 21:40:45 GMT-0300 (-03): GET /about
Tue Aug 21 2018 21:40:45 GMT-0300 (-03): GET /main.css
Tue Aug 21 2018 21:40:45 GMT-0300 (-03): GET /main.js
Tue Aug 21 2018 21:40:58 GMT-0300 (-03): GET /
Tue Aug 21 2018 21:40:58 GMT-0300 (-03): GET /main.css
Tue Aug 21 2018 21:40:58 GMT-0300 (-03): GET /main.js
Tue Aug 21 2018 21:41:00 GMT-0300 (-03): GET /about
Tue Aug 21 2018 21:41:00 GMT-0300 (-03): GET /main.css
Tue Aug 21 2018 21:41:00 GMT-0300 (-03): GET /main.js
Thu Sep 13 2018 22:21:39 GMT-0300 (-03): GET /
Thu Sep 13 2018 22:21:39 GMT-0300 (-03): GET /main.css
Thu Sep 13 2018 22:21:39 GMT-0300 (-03): GET /main.js
Thu Sep 13 2018 22:21:39 GMT-0300 (-03): GET /favicon.ico
Thu Sep 13 2018 22:21:42 GMT-0300 (-03): GET /
Thu Sep 13 2018 22:21:42 GMT-0300 (-03): GET /main.css
Thu Sep 13 2018 22:21:42 GMT-0300 (-03): GET /main.js
Thu Sep 13 2018 22:21:45 GMT-0300 (-03): GET /about
Thu Sep 13 2018 22:21:45 GMT-0300 (-03): GET /main.css
Thu Sep 13 2018 22:21:45 GMT-0300 (-03): GET /main.js
Thu Sep 13 2018 22:21:47 GMT-0300 (-03): GET /
Thu Sep 13 2018 22:21:47 GMT-0300 (-03): GET /main.css
Thu Sep 13 2018 22:21:47 GMT-0300 (-03): GET /main.js
